c:\users\crazy\documents\visual studio 2015\projects\vulkan\project1\x64\debug\vc140.pdb
c:\users\crazy\documents\visual studio 2015\projects\vulkan\project1\x64\debug\vc140.idb
c:\users\crazy\documents\visual studio 2015\projects\vulkan\project1\x64\debug\platform.obj
c:\users\crazy\documents\visual studio 2015\projects\vulkan\project1\x64\debug\render.obj
c:\users\crazy\documents\visual studio 2015\projects\vulkan\project1\x64\debug\source.obj
c:\users\crazy\documents\visual studio 2015\projects\vulkan\project1\x64\debug\window.obj
c:\users\crazy\documents\visual studio 2015\projects\vulkan\project1\x64\debug\example.obj
c:\users\crazy\documents\visual studio 2015\projects\vulkan\project1\x64\debug\vulkandebug.obj
c:\users\crazy\documents\visual studio 2015\projects\vulkan\project1\x64\debug\vulkantools.obj
c:\users\crazy\documents\visual studio 2015\projects\vulkan\project1\x64\debug\vulkanbase.obj
c:\users\crazy\documents\visual studio 2015\projects\vulkan\x64\debug\vulkanapi.ilk
c:\users\crazy\documents\visual studio 2015\projects\vulkan\x64\debug\vulkanapi.exe
c:\users\crazy\documents\visual studio 2015\projects\vulkan\x64\debug\vulkanapi.pdb
c:\users\crazy\documents\visual studio 2015\projects\vulkan\project1\x64\debug\vulkanapi.res
c:\users\crazy\documents\visual studio 2015\projects\vulkan\project1\x64\debug\render.obj.enc
c:\users\crazy\documents\visual studio 2015\projects\vulkan\project1\x64\debug\source.obj.enc
c:\users\crazy\documents\visual studio 2015\projects\vulkan\project1\x64\debug\vulkanapi.tlog\cl.command.1.tlog
c:\users\crazy\documents\visual studio 2015\projects\vulkan\project1\x64\debug\vulkanapi.tlog\cl.read.1.tlog
c:\users\crazy\documents\visual studio 2015\projects\vulkan\project1\x64\debug\vulkanapi.tlog\cl.write.1.tlog
c:\users\crazy\documents\visual studio 2015\projects\vulkan\project1\x64\debug\vulkanapi.tlog\link.5052-cvtres.read.1.tlog
c:\users\crazy\documents\visual studio 2015\projects\vulkan\project1\x64\debug\vulkanapi.tlog\link.5052-cvtres.write.1.tlog
c:\users\crazy\documents\visual studio 2015\projects\vulkan\project1\x64\debug\vulkanapi.tlog\link.5052-rc.read.1.tlog
c:\users\crazy\documents\visual studio 2015\projects\vulkan\project1\x64\debug\vulkanapi.tlog\link.5052-rc.write.1.tlog
c:\users\crazy\documents\visual studio 2015\projects\vulkan\project1\x64\debug\vulkanapi.tlog\link.5052.read.1.tlog
c:\users\crazy\documents\visual studio 2015\projects\vulkan\project1\x64\debug\vulkanapi.tlog\link.5052.write.1.tlog
c:\users\crazy\documents\visual studio 2015\projects\vulkan\project1\x64\debug\vulkanapi.tlog\link.command.1.tlog
c:\users\crazy\documents\visual studio 2015\projects\vulkan\project1\x64\debug\vulkanapi.tlog\link.read.1.tlog
c:\users\crazy\documents\visual studio 2015\projects\vulkan\project1\x64\debug\vulkanapi.tlog\link.write.1.tlog
c:\users\crazy\documents\visual studio 2015\projects\vulkan\project1\x64\debug\vulkanapi.tlog\rc.command.1.tlog
c:\users\crazy\documents\visual studio 2015\projects\vulkan\project1\x64\debug\vulkanapi.tlog\rc.read.1.tlog
c:\users\crazy\documents\visual studio 2015\projects\vulkan\project1\x64\debug\vulkanapi.tlog\rc.write.1.tlog
